[debug] ----------------------------------------------------------------------
[debug] Command:      /usr/bin/nodejs /usr/bin/firebase deploy
[debug] CLI Version:  3.4.0
[debug] Platform:     linux
[debug] Node Version: v4.6.2
[debug] Time:         Wed Mar 15 2017 13:29:45 GMT-0700 (PDT)
[debug] ----------------------------------------------------------------------
[debug] 
[debug] > command requires scopes: ["email","openid","https://www.googleapis.com/auth/cloudplatformprojects.readonly","https://www.googleapis.com/auth/firebase"]
[debug] >>> HTTP REQUEST GET https://admin.firebase.com/v1/projects/ideaboard-f10ef  
 Wed Mar 15 2017 13:29:45 GMT-0700 (PDT)
[debug] ----------------------------------------------------------------------
[debug] Command:      /usr/bin/nodejs /usr/bin/firebase deploy
[debug] CLI Version:  3.4.0
[debug] Platform:     linux
[debug] Node Version: v4.6.2
[debug] Time:         Wed Mar 15 2017 13:30:46 GMT-0700 (PDT)
[debug] ----------------------------------------------------------------------
[debug] 
[debug] > command requires scopes: ["email","openid","https://www.googleapis.com/auth/cloudplatformprojects.readonly","https://www.googleapis.com/auth/firebase"]
[debug] >>> HTTP REQUEST GET https://admin.firebase.com/v1/projects/ideaboard-f10ef  
 Wed Mar 15 2017 13:30:46 GMT-0700 (PDT)
[debug] <<< HTTP RESPONSE 200
[debug] >>> HTTP REQUEST GET https://admin.firebase.com/v1/database/ideaboard-f10ef/tokens  
 Wed Mar 15 2017 13:30:47 GMT-0700 (PDT)
